[debug] [2022-10-16T16:03:20.352Z] ----------------------------------------------------------------------
[debug] [2022-10-16T16:03:20.353Z] Command:       /usr/local/bin/node /home/projects/quasarframework-bwikaj/node_modules/.bin/firebase login
[debug] [2022-10-16T16:03:20.354Z] CLI Version:   11.14.4
[debug] [2022-10-16T16:03:20.354Z] Platform:      linux
[debug] [2022-10-16T16:03:20.354Z] Node Version:  v16.14.2
[debug] [2022-10-16T16:03:20.354Z] Time:          Sun Oct 16 2022 11:03:20 GMT-0500 (hora de verano central)
[debug] [2022-10-16T16:03:20.354Z] ----------------------------------------------------------------------
[debug] 
[info] i  Firebase optionally collects CLI and Emulator Suite usage and error reporting information to help improve our products. Data is collected in accordance with Google's privacy policy (https://policies.google.com/privacy) and is not used to identify you.
 
[info] i  To change your data collection preference at any time, run `firebase logout` and log in again. 
[info] 
[info] Visit this URL on this device to log in:
[info] https://accounts.google.com/o/oauth2/auth?client_id=563584335869-fgrhgmd47bqnekij5i8b5pr03ho849e6.apps.googleusercontent.com&scope=email%20openid%20https%3A%2F%2Fwww.googleapis.com%2Fauth%2Fcloudplatformprojects.readonly%20https%3A%2F%2Fwww.googleapis.com%2Fauth%2Ffirebase%20https%3A%2F%2Fwww.googleapis.com%2Fauth%2Fcloud-platform&response_type=code&state=866026245&redirect_uri=http%3A%2F%2Flocalhost%3A9006
[info] 
[info] Waiting for authentication...
[debug] [2022-10-16T16:04:37.909Z] ----------------------------------------------------------------------
[debug] [2022-10-16T16:04:37.910Z] Command:       /usr/local/bin/node /home/projects/quasarframework-bwikaj/node_modules/.bin/firebase login
[debug] [2022-10-16T16:04:37.910Z] CLI Version:   11.14.4
[debug] [2022-10-16T16:04:37.910Z] Platform:      linux
[debug] [2022-10-16T16:04:37.911Z] Node Version:  v16.14.2
[debug] [2022-10-16T16:04:37.911Z] Time:          Sun Oct 16 2022 11:04:37 GMT-0500 (hora de verano central)
[debug] [2022-10-16T16:04:37.911Z] ----------------------------------------------------------------------
[debug] 
[info] i  Firebase optionally collects CLI and Emulator Suite usage and error reporting information to help improve our products. Data is collected in accordance with Google's privacy policy (https://policies.google.com/privacy) and is not used to identify you.
 
[info] 
[info] Visit this URL on this device to log in:
[info] https://accounts.google.com/o/oauth2/auth?client_id=563584335869-fgrhgmd47bqnekij5i8b5pr03ho849e6.apps.googleusercontent.com&scope=email%20openid%20https%3A%2F%2Fwww.googleapis.com%2Fauth%2Fcloudplatformprojects.readonly%20https%3A%2F%2Fwww.googleapis.com%2Fauth%2Ffirebase%20https%3A%2F%2Fwww.googleapis.com%2Fauth%2Fcloud-platform&response_type=code&state=659485378&redirect_uri=http%3A%2F%2Flocalhost%3A9007
[info] 
[info] Waiting for authentication...
